<?xml version="1.0" encoding="UTF-8"?>
<!-- Generated by org.testng.reporters.JUnitReportReporter -->
<testsuite skipped="0" hostname="DESKTOP-A4V53JD" name="com.training.sanity.tests.RETC_047_NewPropertyFeature" tests="1" failures="0" timestamp="18 Jun 2019 07:15:04 GMT" time="43.606" errors="0">
  <testcase name="NewPropertyFeatureTest" time="43.606" classname="com.training.sanity.tests.RETC_047_NewPropertyFeature"/>
</testsuite> <!-- com.training.sanity.tests.RETC_047_NewPropertyFeature -->
