<?xml version="1.0" encoding="UTF-8"?>
<!-- Generated by org.testng.reporters.JUnitReportReporter -->
<testsuite skipped="0" hostname="DESKTOP-A4V53JD" name="com.training.sanity.tests.RETC_049_ReplyComment" tests="2" failures="0" timestamp="19 Jun 2019 17:04:43 GMT" time="53.845" errors="0">
  <testcase name="NewReplyCommentTest" time="28.248" classname="com.training.sanity.tests.RETC_049_ReplyComment"/>
  <testcase name="NewReplyCommentTest2" time="25.597" classname="com.training.sanity.tests.RETC_049_ReplyComment"/>
</testsuite> <!-- com.training.sanity.tests.RETC_049_ReplyComment -->
