<?xml version="1.0" encoding="UTF-8"?>
<!-- Generated by org.testng.reporters.JUnitReportReporter -->
<testsuite skipped="0" hostname="DESKTOP-A4V53JD" name="com.training.sanity.tests.RETC_080_Add_NewPropertyAllDetails" tests="1" failures="0" timestamp="22 Jun 2019 07:32:00 GMT" time="84.206" errors="0">
  <testcase name="Add_NewPropertyAllDetails" time="84.206" classname="com.training.sanity.tests.RETC_080_Add_NewPropertyAllDetails"/>
</testsuite> <!-- com.training.sanity.tests.RETC_080_Add_NewPropertyAllDetails -->
