<?xml version="1.0" encoding="UTF-8"?>
<!-- Generated by org.testng.reporters.JUnitReportReporter -->
<testsuite skipped="0" hostname="DESKTOP-A4V53JD" name="com.training.regression.tests.LoginExcelTest" tests="3" failures="0" timestamp="22 Jun 2019 08:30:05 GMT" time="83.753" errors="0">
  <testcase name="RETC_076" time="31.501" classname="com.training.regression.tests.LoginExcelTest"/>
  <testcase name="RETC_076" time="26.534" classname="com.training.regression.tests.LoginExcelTest"/>
  <testcase name="RETC_076" time="25.718" classname="com.training.regression.tests.LoginExcelTest"/>
</testsuite> <!-- com.training.regression.tests.LoginExcelTest -->
