<?xml version="1.0" encoding="UTF-8"?>
<!-- Generated by org.testng.reporters.JUnitReportReporter -->
<testsuite skipped="0" hostname="DESKTOP-A4V53JD" name="com.training.sanity.tests.LoginTests" tests="1" failures="0" timestamp="29 May 2019 19:27:26 GMT" time="85.697" errors="0">
  <testcase name="validateTrashTest" time="85.697" classname="com.training.sanity.tests.LoginTests"/>
</testsuite> <!-- com.training.sanity.tests.LoginTests -->
