<?xml version="1.0" encoding="UTF-8"?>
<!-- Generated by org.testng.reporters.JUnitReportReporter -->
<testsuite skipped="0" hostname="DESKTOP-A4V53JD" name="com.training.sanity.tests.RETC_048_NewPropertyRegion" tests="1" failures="0" timestamp="18 Jun 2019 07:19:19 GMT" time="44.492" errors="0">
  <testcase name="NewPropertyRegionTest" time="44.492" classname="com.training.sanity.tests.RETC_048_NewPropertyRegion"/>
</testsuite> <!-- com.training.sanity.tests.RETC_048_NewPropertyRegion -->
