<?xml version="1.0" encoding="UTF-8"?>
<!-- Generated by org.testng.reporters.JUnitReportReporter -->
<testsuite skipped="0" hostname="DESKTOP-A4V53JD" name="com.training.sanity.tests.RETC_019" tests="1" failures="0" timestamp="03 Jun 2019 04:57:13 GMT" time="73.311" errors="0">
  <testcase name="deleteCategoryTest" time="73.311" classname="com.training.sanity.tests.RETC_019"/>
</testsuite> <!-- com.training.sanity.tests.RETC_019 -->
