<?xml version="1.0" encoding="UTF-8"?>
<!-- Generated by org.testng.reporters.JUnitReportReporter -->
<testsuite skipped="0" hostname="DESKTOP-A4V53JD" name="com.training.regression.tests.LoginExcelTestMultipleFeature" tests="3" failures="0" timestamp="22 Jun 2019 08:51:58 GMT" time="86.660" errors="0">
  <testcase name="RETC_079" time="31.311" classname="com.training.regression.tests.LoginExcelTestMultipleFeature"/>
  <testcase name="RETC_079" time="29.026" classname="com.training.regression.tests.LoginExcelTestMultipleFeature"/>
  <testcase name="RETC_079" time="26.323" classname="com.training.regression.tests.LoginExcelTestMultipleFeature"/>
</testsuite> <!-- com.training.regression.tests.LoginExcelTestMultipleFeature -->
