<?xml version="1.0" encoding="UTF-8"?>
<!-- Generated by org.testng.reporters.JUnitReportReporter -->
<testsuite skipped="0" hostname="DESKTOP-A4V53JD" name="com.training.regression.tests.LoginExcelTest1" tests="3" failures="0" timestamp="22 Jun 2019 06:33:31 GMT" time="71.735" errors="0">
  <testcase name="RETC_076" time="23.569" classname="com.training.regression.tests.LoginExcelTest1"/>
  <testcase name="RETC_076" time="23.976" classname="com.training.regression.tests.LoginExcelTest1"/>
  <testcase name="RETC_076" time="24.190" classname="com.training.regression.tests.LoginExcelTest1"/>
</testsuite> <!-- com.training.regression.tests.LoginExcelTest1 -->
