<?xml version="1.0" encoding="UTF-8"?>
<!-- Generated by org.testng.reporters.JUnitReportReporter -->
<testsuite skipped="0" hostname="DESKTOP-A4V53JD" name="com.training.sanity.tests.RETC_050_MovePropertyDetailsTrash" tests="1" failures="0" timestamp="19 Jun 2019 17:50:13 GMT" time="29.523" errors="0">
  <testcase name="NewPropertyDetailsTrashTest" time="29.523" classname="com.training.sanity.tests.RETC_050_MovePropertyDetailsTrash"/>
</testsuite> <!-- com.training.sanity.tests.RETC_050_MovePropertyDetailsTrash -->
