<?xml version="1.0" encoding="UTF-8"?>
<!-- Generated by org.testng.reporters.JUnitReportReporter -->
<testsuite skipped="0" hostname="DESKTOP-A4V53JD" name="com.training.sanity.tests.RETC_017" tests="1" failures="0" timestamp="30 May 2019 12:34:58 GMT" time="188.724" errors="0">
  <testcase name="validateTrashTest" time="188.724" classname="com.training.sanity.tests.RETC_017"/>
</testsuite> <!-- com.training.sanity.tests.RETC_017 -->
