<?xml version="1.0" encoding="UTF-8"?>
<!-- Generated by org.testng.reporters.JUnitReportReporter -->
<testsuite skipped="0" hostname="DESKTOP-A4V53JD" name="com.training.sanity.tests.RETC_020" tests="1" failures="0" timestamp="03 Jun 2019 05:00:41 GMT" time="68.921" errors="0">
  <testcase name="tagTest" time="68.921" classname="com.training.sanity.tests.RETC_020"/>
</testsuite> <!-- com.training.sanity.tests.RETC_020 -->
