<?xml version="1.0" encoding="UTF-8"?>
<!-- Generated by org.testng.reporters.JUnitReportReporter -->
<testsuite skipped="0" hostname="DESKTOP-A4V53JD" name="com.training.sanity.tests.RETC_046_PropertyDetails" tests="1" failures="0" timestamp="19 Jun 2019 17:56:08 GMT" time="30.829" errors="0">
  <testcase name="propertiesPOMTest" time="30.829" classname="com.training.sanity.tests.RETC_046_PropertyDetails"/>
</testsuite> <!-- com.training.sanity.tests.RETC_046_PropertyDetails -->
